<?xml version="1.0" encoding="UTF-8"?>
<!-- Generated by org.testng.reporters.JUnitReportReporter -->
<testsuite skipped="0" hostname="LAPTOP-4QGIS7L0" name="pe.com.test.system.testCase.MantenimientoProvider" tests="1" failures="0" timestamp="08 nov 2018 02:12:10 GMT" time="11.362" errors="0">
  <testcase name="insertarCategoria_Criterio01" time="11.362" classname="pe.com.test.system.testCase.MantenimientoProvider"/>
</testsuite> <!-- pe.com.test.system.testCase.MantenimientoProvider -->
