<?xml version="1.0" encoding="UTF-8"?>
<!-- Generated by org.testng.reporters.JUnitReportReporter -->
<testsuite skipped="0" hostname="LAPTOP-LF109GNM" name="pe.com.test.system.testCase.MantenimientoProvider" tests="4" failures="0" timestamp="22 nov 2018 05:56:00 GMT" time="51.325" errors="0">
  <testcase name="c_eliminarProveedor" time="7.549" classname="pe.com.test.system.testCase.MantenimientoProvider"/>
  <testcase name="a_insertarProveedor" time="16.389" classname="pe.com.test.system.testCase.MantenimientoProvider"/>
  <testcase name="a_insertarProveedor" time="15.714" classname="pe.com.test.system.testCase.MantenimientoProvider"/>
  <testcase name="b_editarProveedor" time="11.673" classname="pe.com.test.system.testCase.MantenimientoProvider"/>
</testsuite> <!-- pe.com.test.system.testCase.MantenimientoProvider -->
