<?xml version="1.0" encoding="UTF-8"?>
<!-- Generated by org.testng.reporters.JUnitReportReporter -->
<testsuite skipped="0" hostname="WIN-NO5VUV5PR36" name="pe.com.test.seleniumwd.CategoriaTest" tests="1" failures="0" timestamp="09 oct 2018 14:19:32 GMT" time="4.167" errors="0">
  <testcase name="insertarCategoria_Criterio01" time="4.167" classname="pe.com.test.seleniumwd.CategoriaTest"/>
</testsuite> <!-- pe.com.test.seleniumwd.CategoriaTest -->
