<?xml version="1.0" encoding="UTF-8"?>
<!-- Generated by org.testng.reporters.JUnitReportReporter -->
<testsuite skipped="0" hostname="LAPTOP-LF109GNM" name="pe.com.test.system.testCase.MantenimientoProvider" tests="4" failures="0" timestamp="18 nov 2018 23:37:12 GMT" time="64.944" errors="0">
  <testcase name="a_insertarCategoria_Criterio01" time="15.635" classname="pe.com.test.system.testCase.MantenimientoProvider"/>
  <testcase name="b_insertarCategoria_Criterio02" time="15.857" classname="pe.com.test.system.testCase.MantenimientoProvider"/>
  <testcase name="a_insertarCategoria_Criterio01" time="17.864" classname="pe.com.test.system.testCase.MantenimientoProvider"/>
  <testcase name="b_insertarCategoria_Criterio02" time="15.588" classname="pe.com.test.system.testCase.MantenimientoProvider"/>
</testsuite> <!-- pe.com.test.system.testCase.MantenimientoProvider -->
