<?xml version="1.0" encoding="UTF-8"?>
<!-- Generated by org.testng.reporters.JUnitReportReporter -->
<testsuite skipped="0" hostname="LAPTOP-LF109GNM" name="pe.com.test.system.testCase.MantenimientoProvider" tests="4" failures="0" timestamp="19 nov 2018 04:52:51 GMT" time="51.510" errors="0">
  <testcase name="b_editarCategoria" time="11.862" classname="pe.com.test.system.testCase.MantenimientoProvider"/>
  <testcase name="c_eliminarCategoria" time="7.628" classname="pe.com.test.system.testCase.MantenimientoProvider"/>
  <testcase name="a_insertarCategoria" time="15.667" classname="pe.com.test.system.testCase.MantenimientoProvider"/>
  <testcase name="a_insertarCategoria" time="16.353" classname="pe.com.test.system.testCase.MantenimientoProvider"/>
</testsuite> <!-- pe.com.test.system.testCase.MantenimientoProvider -->
