<?xml version="1.0" encoding="UTF-8"?>
<!-- Generated by org.testng.reporters.JUnitReportReporter -->
<testsuite skipped="0" hostname="LAPTOP-4QGIS7L0" name="pe.com.test.system.testCase.MantenimientoProvider" tests="4" failures="0" timestamp="08 nov 2018 20:58:44 GMT" time="36.931" errors="0">
  <testcase name="ainsertarCategoria_Criterio01" time="11.321" classname="pe.com.test.system.testCase.MantenimientoProvider"/>
  <testcase name="ceditarCategoria_Criterio01" time="8.572" classname="pe.com.test.system.testCase.MantenimientoProvider"/>
  <testcase name="deditarCategoria_Criterio02" time="8.560" classname="pe.com.test.system.testCase.MantenimientoProvider"/>
  <testcase name="binsertarCategoria_Criterio02" time="8.478" classname="pe.com.test.system.testCase.MantenimientoProvider"/>
</testsuite> <!-- pe.com.test.system.testCase.MantenimientoProvider -->
